-------------------------------------------------------------------------------
Test set: com.xbb.spring_jfinal.SpringJfinalApplicationTests
-------------------------------------------------------------------------------
Tests run: 1, Failures: 0, Errors: 1, Skipped: 0, Time elapsed: 4.499 s <<< FAILURE! - in com.xbb.spring_jfinal.SpringJfinalApplicationTests
contextLoads(com.xbb.spring_jfinal.SpringJfinalApplicationTests)  Time elapsed: 0.005 s  <<< ERROR!
java.lang.IllegalStateException: Failed to load ApplicationContext
Caused by: org.springframework.beans.factory.BeanCreationException: Error creating bean with name 'activeRecord': Invocation of init method failed; nested exception is java.lang.RuntimeException: File not found : /Users/xubinbin/Documents/workspace-sts-3.9.0.RELEASE/spring_jfinal/target/test-classes/sql/all.sql
Caused by: java.lang.RuntimeException: File not found : /Users/xubinbin/Documents/workspace-sts-3.9.0.RELEASE/spring_jfinal/target/test-classes/sql/all.sql

